This file contains any messages produced by compilers while
running configure, to aid debugging if configure makes a mistake.

It was created by termosc configure 0.1, which was
generated by GNU Autoconf 2.69.  Invocation command line was

  $ ./configure --prefix=/class/local

## --------- ##
## Platform. ##
## --------- ##

hostname = os1.engr.oregonstate.edu
uname -m = x86_64
uname -r = 3.10.0-1160.66.1.el7.x86_64
uname -s = Linux
uname -v = #1 SMP Wed May 18 16:02:34 UTC 2022

/usr/bin/uname -p = x86_64
/bin/uname -X     = unknown

/bin/arch              = x86_64
/usr/bin/arch -k       = unknown
/usr/convex/getsysinfo = unknown
/usr/bin/hostinfo      = unknown
/bin/machine           = unknown
/usr/bin/oslevel       = unknown
/bin/universe          = unknown

PATH: /nfs/stak/users/gambordr/.local/sbin
PATH: /nfs/stak/users/gambordr/.local/bin/
PATH: .
PATH: /class/local/bin
PATH: /class/local/sbin
PATH: /nfs/stak/users/gambordr/.local/sbin
PATH: /nfs/stak/users/gambordr/.local/bin/
PATH: .
PATH: /usr/lib64/qt-3.3/bin
PATH: /nfs/stak/users/gambordr/perl5/bin
PATH: /usr/local/bin
PATH: /usr/bin
PATH: /usr/local/sbin
PATH: /usr/sbin
PATH: /opt/dell/srvadmin/bin


## ----------- ##
## Core tests. ##
## ----------- ##

configure:2081: checking for a BSD-compatible install
configure:2149: result: /usr/bin/install -c
configure:2160: checking whether build environment is sane
configure:2215: result: yes
configure:2366: checking for a thread-safe mkdir -p
configure:2405: result: /usr/bin/mkdir -p
configure:2412: checking for gawk
configure:2428: found /usr/bin/gawk
configure:2439: result: gawk
configure:2450: checking whether make sets $(MAKE)
configure:2472: result: yes
configure:2501: checking whether make supports nested variables
configure:2518: result: yes
configure:2652: checking for gcc
configure:2668: found /class/local/bin/gcc
configure:2679: result: gcc
configure:2908: checking for C compiler version
configure:2917: gcc --version >&5
gcc (GCC) 13.0.0 20220902 (experimental)
Copyright (C) 2022 Free Software Foundation, Inc.
This is free software; see the source for copying conditions.  There is NO
warranty; not even for MERCHANTABILITY or FITNESS FOR A PARTICULAR PURPOSE.

configure:2928: $? = 0
configure:2917: gcc -v >&5
Using built-in specs.
COLLECT_GCC=gcc
COLLECT_LTO_WRAPPER=/class/local/libexec/gcc/x86_64-pc-linux-gnu/13.0.0/lto-wrapper
Target: x86_64-pc-linux-gnu
Configured with: ../gcc/configure --prefix=/class/local --host=x86_64-pc-linux-gnu --disable-multilib
Thread model: posix
Supported LTO compression algorithms: zlib
gcc version 13.0.0 20220902 (experimental) (GCC) 
configure:2928: $? = 0
configure:2917: gcc -V >&5
gcc: error: unrecognized command-line option '-V'
gcc: fatal error: no input files
compilation terminated.
configure:2928: $? = 1
configure:2917: gcc -qversion >&5
gcc: error: unrecognized command-line option '-qversion'; did you mean '--version'?
gcc: fatal error: no input files
compilation terminated.
configure:2928: $? = 1
configure:2948: checking whether the C compiler works
configure:2970: gcc    conftest.c  >&5
configure:2974: $? = 0
configure:3022: result: yes
configure:3025: checking for C compiler default output file name
configure:3027: result: a.out
configure:3033: checking for suffix of executables
configure:3040: gcc -o conftest    conftest.c  >&5
configure:3044: $? = 0
configure:3066: result: 
configure:3088: checking whether we are cross compiling
configure:3096: gcc -o conftest    conftest.c  >&5
configure:3100: $? = 0
configure:3107: ./conftest
configure:3111: $? = 0
configure:3126: result: no
configure:3131: checking for suffix of object files
configure:3153: gcc -c   conftest.c >&5
configure:3157: $? = 0
configure:3178: result: o
configure:3182: checking whether we are using the GNU C compiler
configure:3201: gcc -c   conftest.c >&5
configure:3201: $? = 0
configure:3210: result: yes
configure:3219: checking whether gcc accepts -g
configure:3239: gcc -c -g  conftest.c >&5
configure:3239: $? = 0
configure:3280: result: yes
configure:3297: checking for gcc option to accept ISO C89
configure:3360: gcc  -c -g -O2  conftest.c >&5
configure:3360: $? = 0
configure:3373: result: none needed
configure:3404: checking for style of include used by make
configure:3432: result: GNU
configure:3458: checking dependency style of gcc
configure:3569: result: gcc3
configure:3594: checking how to run the C preprocessor
configure:3625: gcc -E  conftest.c
configure:3625: $? = 0
configure:3639: gcc -E  conftest.c
conftest.c:11:10: fatal error: ac_nonexistent.h: No such file or directory
   11 | #include <ac_nonexistent.h>
      |          ^~~~~~~~~~~~~~~~~~
compilation terminated.
configure:3639: $? = 1
configure: failed program was:
| /* confdefs.h */
| #define PACKAGE_NAME "termosc"
| #define PACKAGE_TARNAME "termosc"
| #define PACKAGE_VERSION "0.1"
| #define PACKAGE_STRING "termosc 0.1"
| #define PACKAGE_BUGREPORT "ryan.gambord@oregonstate.edu"
| #define PACKAGE_URL ""
| #define PACKAGE "termosc"
| #define VERSION "0.1"
| /* end confdefs.h.  */
| #include <ac_nonexistent.h>
configure:3664: result: gcc -E
configure:3684: gcc -E  conftest.c
configure:3684: $? = 0
configure:3698: gcc -E  conftest.c
conftest.c:11:10: fatal error: ac_nonexistent.h: No such file or directory
   11 | #include <ac_nonexistent.h>
      |          ^~~~~~~~~~~~~~~~~~
compilation terminated.
configure:3698: $? = 1
configure: failed program was:
| /* confdefs.h */
| #define PACKAGE_NAME "termosc"
| #define PACKAGE_TARNAME "termosc"
| #define PACKAGE_VERSION "0.1"
| #define PACKAGE_STRING "termosc 0.1"
| #define PACKAGE_BUGREPORT "ryan.gambord@oregonstate.edu"
| #define PACKAGE_URL ""
| #define PACKAGE "termosc"
| #define VERSION "0.1"
| /* end confdefs.h.  */
| #include <ac_nonexistent.h>
configure:3727: checking for grep that handles long lines and -e
configure:3785: result: /usr/bin/grep
configure:3790: checking for egrep
configure:3852: result: /usr/bin/grep -E
configure:3857: checking for ANSI C header files
configure:3877: gcc -c -g -O2  conftest.c >&5
configure:3877: $? = 0
configure:3950: gcc -o conftest -g -O2   conftest.c  >&5
configure:3950: $? = 0
configure:3950: ./conftest
configure:3950: $? = 0
configure:3961: result: yes
configure:3974: checking for sys/types.h
configure:3974: gcc -c -g -O2  conftest.c >&5
configure:3974: $? = 0
configure:3974: result: yes
configure:3974: checking for sys/stat.h
configure:3974: gcc -c -g -O2  conftest.c >&5
configure:3974: $? = 0
configure:3974: result: yes
configure:3974: checking for stdlib.h
configure:3974: gcc -c -g -O2  conftest.c >&5
configure:3974: $? = 0
configure:3974: result: yes
configure:3974: checking for string.h
configure:3974: gcc -c -g -O2  conftest.c >&5
configure:3974: $? = 0
configure:3974: result: yes
configure:3974: checking for memory.h
configure:3974: gcc -c -g -O2  conftest.c >&5
configure:3974: $? = 0
configure:3974: result: yes
configure:3974: checking for strings.h
configure:3974: gcc -c -g -O2  conftest.c >&5
configure:3974: $? = 0
configure:3974: result: yes
configure:3974: checking for inttypes.h
configure:3974: gcc -c -g -O2  conftest.c >&5
configure:3974: $? = 0
configure:3974: result: yes
configure:3974: checking for stdint.h
configure:3974: gcc -c -g -O2  conftest.c >&5
configure:3974: $? = 0
configure:3974: result: yes
configure:3974: checking for unistd.h
configure:3974: gcc -c -g -O2  conftest.c >&5
configure:3974: $? = 0
configure:3974: result: yes
configure:3989: checking termios.h usability
configure:3989: gcc -c -g -O2  conftest.c >&5
configure:3989: $? = 0
configure:3989: result: yes
configure:3989: checking termios.h presence
configure:3989: gcc -E  conftest.c
configure:3989: $? = 0
configure:3989: result: yes
configure:3989: checking for termios.h
configure:3989: result: yes
configure:3989: checking for unistd.h
configure:3989: result: yes
configure:4113: checking that generated files are newer than configure
configure:4119: result: done
configure:4142: creating ./config.status

## ---------------------- ##
## Running config.status. ##
## ---------------------- ##

This file was extended by termosc config.status 0.1, which was
generated by GNU Autoconf 2.69.  Invocation command line was

  CONFIG_FILES    = 
  CONFIG_HEADERS  = 
  CONFIG_LINKS    = 
  CONFIG_COMMANDS = 
  $ ./config.status 

on os1.engr.oregonstate.edu

config.status:854: creating Makefile
config.status:854: creating config.h
config.status:1035: config.h is unchanged
config.status:1083: executing depfiles commands

## ---------------- ##
## Cache variables. ##
## ---------------- ##

ac_cv_c_compiler_gnu=yes
ac_cv_env_CC_set=
ac_cv_env_CC_value=
ac_cv_env_CFLAGS_set=
ac_cv_env_CFLAGS_value=
ac_cv_env_CPPFLAGS_set=
ac_cv_env_CPPFLAGS_value=
ac_cv_env_CPP_set=
ac_cv_env_CPP_value=
ac_cv_env_LDFLAGS_set=
ac_cv_env_LDFLAGS_value=
ac_cv_env_LIBS_set=
ac_cv_env_LIBS_value=
ac_cv_env_build_alias_set=
ac_cv_env_build_alias_value=
ac_cv_env_host_alias_set=
ac_cv_env_host_alias_value=
ac_cv_env_target_alias_set=
ac_cv_env_target_alias_value=
ac_cv_header_inttypes_h=yes
ac_cv_header_memory_h=yes
ac_cv_header_stdc=yes
ac_cv_header_stdint_h=yes
ac_cv_header_stdlib_h=yes
ac_cv_header_string_h=yes
ac_cv_header_strings_h=yes
ac_cv_header_sys_stat_h=yes
ac_cv_header_sys_types_h=yes
ac_cv_header_termios_h=yes
ac_cv_header_unistd_h=yes
ac_cv_objext=o
ac_cv_path_EGREP='/usr/bin/grep -E'
ac_cv_path_GREP=/usr/bin/grep
ac_cv_path_install='/usr/bin/install -c'
ac_cv_path_mkdir=/usr/bin/mkdir
ac_cv_prog_AWK=gawk
ac_cv_prog_CPP='gcc -E'
ac_cv_prog_ac_ct_CC=gcc
ac_cv_prog_cc_c89=
ac_cv_prog_cc_g=yes
ac_cv_prog_make_make_set=yes
am_cv_CC_dependencies_compiler_type=gcc3
am_cv_make_support_nested_variables=yes

## ----------------- ##
## Output variables. ##
## ----------------- ##

ACLOCAL='${SHELL} /class/local/src/termosc/missing aclocal-1.13'
AMDEPBACKSLASH='\'
AMDEP_FALSE='#'
AMDEP_TRUE=''
AMTAR='$${TAR-tar}'
AM_BACKSLASH='\'
AM_DEFAULT_V='$(AM_DEFAULT_VERBOSITY)'
AM_DEFAULT_VERBOSITY='1'
AM_V='$(V)'
AUTOCONF='${SHELL} /class/local/src/termosc/missing autoconf'
AUTOHEADER='${SHELL} /class/local/src/termosc/missing autoheader'
AUTOMAKE='${SHELL} /class/local/src/termosc/missing automake-1.13'
AWK='gawk'
CC='gcc'
CCDEPMODE='depmode=gcc3'
CFLAGS='-g -O2'
CPP='gcc -E'
CPPFLAGS=''
CYGPATH_W='echo'
DEFS='-DHAVE_CONFIG_H'
DEPDIR='.deps'
ECHO_C=''
ECHO_N='-n'
ECHO_T=''
EGREP='/usr/bin/grep -E'
EXEEXT=''
GREP='/usr/bin/grep'
INSTALL_DATA='${INSTALL} -m 644'
INSTALL_PROGRAM='${INSTALL}'
INSTALL_SCRIPT='${INSTALL}'
INSTALL_STRIP_PROGRAM='$(install_sh) -c -s'
LDFLAGS=''
LIBOBJS=''
LIBS=''
LTLIBOBJS=''
MAKEINFO='${SHELL} /class/local/src/termosc/missing makeinfo'
MKDIR_P='/usr/bin/mkdir -p'
OBJEXT='o'
PACKAGE='termosc'
PACKAGE_BUGREPORT='ryan.gambord@oregonstate.edu'
PACKAGE_NAME='termosc'
PACKAGE_STRING='termosc 0.1'
PACKAGE_TARNAME='termosc'
PACKAGE_URL=''
PACKAGE_VERSION='0.1'
PATH_SEPARATOR=':'
SET_MAKE=''
SHELL='/bin/sh'
STRIP=''
VERSION='0.1'
ac_ct_CC='gcc'
am__EXEEXT_FALSE=''
am__EXEEXT_TRUE='#'
am__fastdepCC_FALSE='#'
am__fastdepCC_TRUE=''
am__include='include'
am__isrc=''
am__leading_dot='.'
am__nodep='_no'
am__quote=''
am__tar='$${TAR-tar} chof - "$$tardir"'
am__untar='$${TAR-tar} xf -'
bindir='${exec_prefix}/bin'
build_alias=''
datadir='${datarootdir}'
datarootdir='${prefix}/share'
docdir='${datarootdir}/doc/${PACKAGE_TARNAME}'
dvidir='${docdir}'
exec_prefix='${prefix}'
host_alias=''
htmldir='${docdir}'
includedir='${prefix}/include'
infodir='${datarootdir}/info'
install_sh='${SHELL} /class/local/src/termosc/install-sh'
libdir='${exec_prefix}/lib'
libexecdir='${exec_prefix}/libexec'
localedir='${datarootdir}/locale'
localstatedir='${prefix}/var'
mandir='${datarootdir}/man'
mkdir_p='$(MKDIR_P)'
oldincludedir='/usr/include'
pdfdir='${docdir}'
prefix='/class/local'
program_transform_name='s,x,x,'
psdir='${docdir}'
sbindir='${exec_prefix}/sbin'
sharedstatedir='${prefix}/com'
sysconfdir='${prefix}/etc'
target_alias=''

## ----------- ##
## confdefs.h. ##
## ----------- ##

/* confdefs.h */
#define PACKAGE_NAME "termosc"
#define PACKAGE_TARNAME "termosc"
#define PACKAGE_VERSION "0.1"
#define PACKAGE_STRING "termosc 0.1"
#define PACKAGE_BUGREPORT "ryan.gambord@oregonstate.edu"
#define PACKAGE_URL ""
#define PACKAGE "termosc"
#define VERSION "0.1"
#define STDC_HEADERS 1
#define HAVE_SYS_TYPES_H 1
#define HAVE_SYS_STAT_H 1
#define HAVE_STDLIB_H 1
#define HAVE_STRING_H 1
#define HAVE_MEMORY_H 1
#define HAVE_STRINGS_H 1
#define HAVE_INTTYPES_H 1
#define HAVE_STDINT_H 1
#define HAVE_UNISTD_H 1
#define HAVE_TERMIOS_H 1
#define HAVE_UNISTD_H 1

configure: exit 0
